<?xml version="1.0" encoding="UTF-8"?>
<!-- Generated by org.testng.reporters.JUnitReportReporter -->
<testsuite hostname="JumbeHome-PC" failures="0" tests="1" name="stewartjumbe.Appium.AppiumBasics" time="13.779" errors="0" timestamp="2022-08-01T14:49:06 BST" skipped="0">
  <testcase classname="stewartjumbe.Appium.AppiumBasics" name="appiumTest" time="13.779"/>
  <system-out/>
</testsuite> <!-- stewartjumbe.Appium.AppiumBasics -->
