<?xml version="1.0" encoding="UTF-8"?>
<!-- Generated by org.testng.reporters.JUnitReportReporter -->
<testsuite hostname="JumbeHome-PC" failures="0" tests="2" name="stewartjumbe.Appium.AppiumBasics" time="6.829" errors="0" timestamp="2022-08-09T14:23:38 BST" skipped="1">
  <testcase classname="stewartjumbe.Appium.AppiumBasics" name="longPressGestureExample" time="6.829"/>
  <system-out/>
  <testcase classname="stewartjumbe.Appium.AppiumBasics" name="WifiSettingsName">
    <skipped/>
  </testcase> <!-- WifiSettingsName -->
  <system-out/>
</testsuite> <!-- stewartjumbe.Appium.AppiumBasics -->
