<?xml version="1.0" encoding="UTF-8"?>
<!-- Generated by org.testng.reporters.JUnitReportReporter -->
<testsuite hostname="QT-UK-LT0998" failures="0" tests="4" name="stewartjumbe.Appium.AppiumBasics" time="4.337" errors="0" timestamp="2022-08-10T13:29:51 BST" skipped="3">
  <testcase classname="stewartjumbe.Appium.AppiumBasics" name="swipeExample" time="4.337"/>
  <system-out/>
  <testcase classname="stewartjumbe.Appium.AppiumBasics" name="WifiSettingsName">
    <skipped/>
  </testcase> <!-- WifiSettingsName -->
  <system-out/>
  <testcase classname="stewartjumbe.Appium.AppiumBasics" name="longPressGestureExample">
    <skipped/>
  </testcase> <!-- longPressGestureExample -->
  <system-out/>
  <testcase classname="stewartjumbe.Appium.AppiumBasics" name="scrollExample">
    <skipped/>
  </testcase> <!-- scrollExample -->
  <system-out/>
</testsuite> <!-- stewartjumbe.Appium.AppiumBasics -->
