<?xml version="1.0" encoding="UTF-8"?>
<!-- Generated by org.testng.reporters.JUnitReportReporter -->
<testsuite hostname="QT-UK-LT0998" failures="0" tests="6" name="stewartjumbe.Appium.AppiumBasics" time="14.345" errors="0" timestamp="2022-08-10T16:06:13 BST" skipped="5">
  <testcase classname="stewartjumbe.Appium.AppiumBasics" name="misceallanousAppiumActions" time="14.345"/>
  <system-out/>
  <testcase classname="stewartjumbe.Appium.AppiumBasics" name="swipeTest">
    <skipped/>
  </testcase> <!-- swipeTest -->
  <system-out/>
  <testcase classname="stewartjumbe.Appium.AppiumBasics" name="scrollTest">
    <skipped/>
  </testcase> <!-- scrollTest -->
  <system-out/>
  <testcase classname="stewartjumbe.Appium.AppiumBasics" name="longPressGestureTest">
    <skipped/>
  </testcase> <!-- longPressGestureTest -->
  <system-out/>
  <testcase classname="stewartjumbe.Appium.AppiumBasics" name="dragDropTest">
    <skipped/>
  </testcase> <!-- dragDropTest -->
  <system-out/>
  <testcase classname="stewartjumbe.Appium.AppiumBasics" name="WifiSettingsNameTest">
    <skipped/>
  </testcase> <!-- WifiSettingsNameTest -->
  <system-out/>
</testsuite> <!-- stewartjumbe.Appium.AppiumBasics -->
