<?xml version="1.0" encoding="UTF-8"?>
<!-- Generated by org.testng.reporters.JUnitReportReporter -->
<testsuite hostname="JumbeHome-PC" failures="0" tests="1" name="stewartjumbe.Appium.AppiumBasics" time="23.362" errors="0" timestamp="2022-07-26T22:31:40 BST" skipped="0">
  <testcase classname="stewartjumbe.Appium.AppiumBasics" name="appiumTest" time="23.362"/>
  <system-out/>
</testsuite> <!-- stewartjumbe.Appium.AppiumBasics -->
