<?xml version="1.0" encoding="UTF-8"?>
<!-- Generated by org.testng.reporters.JUnitReportReporter -->
<testsuite hostname="JumbeHome-PC" failures="0" tests="4" name="stewartjumbe.Appium.AppiumBasics" time="4.767" errors="0" timestamp="2022-08-09T17:45:46 BST" skipped="3">
  <testcase classname="stewartjumbe.Appium.AppiumBasics" name="swipeExample" time="4.767"/>
  <system-out/>
  <testcase classname="stewartjumbe.Appium.AppiumBasics" name="longPressGestureExample">
    <skipped/>
  </testcase> <!-- longPressGestureExample -->
  <system-out/>
  <testcase classname="stewartjumbe.Appium.AppiumBasics" name="WifiSettingsName">
    <skipped/>
  </testcase> <!-- WifiSettingsName -->
  <system-out/>
  <testcase classname="stewartjumbe.Appium.AppiumBasics" name="scrollExample">
    <skipped/>
  </testcase> <!-- scrollExample -->
  <system-out/>
</testsuite> <!-- stewartjumbe.Appium.AppiumBasics -->
