<?xml version="1.0" encoding="UTF-8"?>
<!-- Generated by org.testng.reporters.JUnitReportReporter -->
<testsuite hostname="JumbeHome-PC" failures="0" tests="1" name="stewartjumbe.Appium.AppiumBasics" time="7.547" errors="0" timestamp="2022-08-04T16:49:13 BST" skipped="0">
  <testcase classname="stewartjumbe.Appium.AppiumBasics" name="WifiSettingsName" time="7.547"/>
  <system-out/>
</testsuite> <!-- stewartjumbe.Appium.AppiumBasics -->
