<?xml version="1.0" encoding="UTF-8"?>
<!-- Generated by org.testng.reporters.JUnitReportReporter -->
<testsuite hostname="JumbeHome-PC" failures="0" tests="1" name="stewartjumbe.Appium.AppiumBasics" time="4.406" errors="0" timestamp="2022-08-02T16:54:36 BST" skipped="0">
  <testcase classname="stewartjumbe.Appium.AppiumBasics" name="WifiSettingsName" time="4.406"/>
  <system-out/>
</testsuite> <!-- stewartjumbe.Appium.AppiumBasics -->
