<?xml version="1.0" encoding="UTF-8"?>
<!-- Generated by org.testng.reporters.JUnitReportReporter -->
<testsuite hostname="JumbeHome-PC" failures="0" tests="6" name="stewartjumbe.Appium.AppiumBasics" time="11.033" errors="0" timestamp="2022-08-11T22:41:29 BST" skipped="5">
  <testcase classname="stewartjumbe.Appium.AppiumBasics" name="miscellanousAppiumActions" time="11.033"/>
  <system-out/>
  <testcase classname="stewartjumbe.Appium.AppiumBasics" name="dragDropTest">
    <skipped/>
  </testcase> <!-- dragDropTest -->
  <system-out/>
  <testcase classname="stewartjumbe.Appium.AppiumBasics" name="WifiSettingsNameTest">
    <skipped/>
  </testcase> <!-- WifiSettingsNameTest -->
  <system-out/>
  <testcase classname="stewartjumbe.Appium.AppiumBasics" name="longPressGestureTest">
    <skipped/>
  </testcase> <!-- longPressGestureTest -->
  <system-out/>
  <testcase classname="stewartjumbe.Appium.AppiumBasics" name="scrollTest">
    <skipped/>
  </testcase> <!-- scrollTest -->
  <system-out/>
  <testcase classname="stewartjumbe.Appium.AppiumBasics" name="swipeTest">
    <skipped/>
  </testcase> <!-- swipeTest -->
  <system-out/>
</testsuite> <!-- stewartjumbe.Appium.AppiumBasics -->
